0 info it worked if it ends with ok
1 verbose cli [ 'C:\\Program Files\\nodejs\\node.exe',
1 verbose cli   'C:\\Program Files\\nodejs\\node_modules\\npm\\bin\\npm-cli.js',
1 verbose cli   'install' ]
2 info using npm@2.14.7
3 info using node@v4.2.3
4 verbose readDependencies loading dependencies from C:\Users\ehughes\Documents\GitHub\neos\master\package.json
5 verbose install where, deps [ 'C:\\Users\\ehughes\\Documents\\GitHub\\neos\\master',
5 verbose install   [ 'mdns', 'sprintf', 'ws' ] ]
6 verbose install where, peers [ 'C:\\Users\\ehughes\\Documents\\GitHub\\neos\\master', [] ]
7 verbose installManyTop reading for lifecycle C:\Users\ehughes\Documents\GitHub\neos\master\package.json
8 info preinstall master@1.0.0
9 verbose installManyTop reading scoped package data from C:\Users\ehughes\Documents\GitHub\neos\master\node_modules\sprintf\package.json
10 verbose installManyTop reading scoped package data from C:\Users\ehughes\Documents\GitHub\neos\master\node_modules\ws\package.json
11 verbose readDependencies loading dependencies from C:\Users\ehughes\Documents\GitHub\neos\master\package.json
12 verbose targetResolver reading package data from C:\Users\ehughes\Documents\GitHub\neos\master\node_modules\sprintf\package.json
13 verbose targetResolver reading package data from C:\Users\ehughes\Documents\GitHub\neos\master\node_modules\ws\package.json
14 verbose already installed skipping sprintf@^0.1.5 C:\Users\ehughes\Documents\GitHub\neos\master
15 verbose already installed skipping ws@^0.8.0 C:\Users\ehughes\Documents\GitHub\neos\master
16 silly cache add args [ 'mdns@^2.2.10', null ]
17 verbose cache add spec mdns@^2.2.10
18 silly cache add parsed spec Result {
18 silly cache add   raw: 'mdns@^2.2.10',
18 silly cache add   scope: null,
18 silly cache add   name: 'mdns',
18 silly cache add   rawSpec: '^2.2.10',
18 silly cache add   spec: '>=2.2.10 <3.0.0',
18 silly cache add   type: 'range' }
19 silly addNamed mdns@>=2.2.10 <3.0.0
20 verbose addNamed ">=2.2.10 <3.0.0" is a valid semver range for mdns
21 silly addNameRange { name: 'mdns', range: '>=2.2.10 <3.0.0', hasData: false }
22 silly mapToRegistry name mdns
23 silly mapToRegistry using default registry
24 silly mapToRegistry registry https://registry.npmjs.org/
25 silly mapToRegistry uri https://registry.npmjs.org/mdns
26 verbose addNameRange registry:https://registry.npmjs.org/mdns not in flight; fetching
27 verbose request uri https://registry.npmjs.org/mdns
28 verbose request no auth needed
29 info attempt registry request try #1 at 8:46:21 PM
30 verbose request id 5132b0ba2e61c35c
31 verbose etag "B9X6LAJBZ9BJK81O7A9XEX3A0"
32 http request GET https://registry.npmjs.org/mdns
33 http 304 https://registry.npmjs.org/mdns
34 verbose headers { date: 'Mon, 07 Dec 2015 01:46:23 GMT',
34 verbose headers   via: '1.1 varnish',
34 verbose headers   'cache-control': 'max-age=60',
34 verbose headers   etag: '"B9X6LAJBZ9BJK81O7A9XEX3A0"',
34 verbose headers   age: '0',
34 verbose headers   connection: 'keep-alive',
34 verbose headers   'x-served-by': 'cache-iad2126-IAD',
34 verbose headers   'x-cache': 'MISS',
34 verbose headers   'x-cache-hits': '0',
34 verbose headers   'x-timer': 'S1449452783.032562,VS0,VE12',
34 verbose headers   vary: 'Accept' }
35 silly get cb [ 304,
35 silly get   { date: 'Mon, 07 Dec 2015 01:46:23 GMT',
35 silly get     via: '1.1 varnish',
35 silly get     'cache-control': 'max-age=60',
35 silly get     etag: '"B9X6LAJBZ9BJK81O7A9XEX3A0"',
35 silly get     age: '0',
35 silly get     connection: 'keep-alive',
35 silly get     'x-served-by': 'cache-iad2126-IAD',
35 silly get     'x-cache': 'MISS',
35 silly get     'x-cache-hits': '0',
35 silly get     'x-timer': 'S1449452783.032562,VS0,VE12',
35 silly get     vary: 'Accept' } ]
36 verbose etag https://registry.npmjs.org/mdns from cache
37 verbose get saving mdns to C:\Users\ehughes\AppData\Roaming\npm-cache\registry.npmjs.org\mdns\.cache.json
38 silly addNameRange number 2 { name: 'mdns', range: '>=2.2.10 <3.0.0', hasData: true }
39 silly addNameRange versions [ 'mdns',
39 silly addNameRange   [ '0.0.3',
39 silly addNameRange     '0.0.4',
39 silly addNameRange     '0.0.5',
39 silly addNameRange     '0.0.6',
39 silly addNameRange     '0.0.7',
39 silly addNameRange     '1.0.0',
39 silly addNameRange     '1.1.0',
39 silly addNameRange     '2.2.0',
39 silly addNameRange     '2.2.1',
39 silly addNameRange     '2.2.2',
39 silly addNameRange     '2.2.3',
39 silly addNameRange     '2.2.4',
39 silly addNameRange     '2.2.5',
39 silly addNameRange     '2.2.6',
39 silly addNameRange     '2.2.7',
39 silly addNameRange     '2.2.8',
39 silly addNameRange     '2.2.9',
39 silly addNameRange     '2.2.10' ] ]
40 silly addNamed mdns@2.2.10
41 verbose addNamed "2.2.10" is a plain semver version for mdns
42 silly cache afterAdd mdns@2.2.10
43 verbose afterAdd C:\Users\ehughes\AppData\Roaming\npm-cache\mdns\2.2.10\package\package.json not in flight; writing
44 verbose afterAdd C:\Users\ehughes\AppData\Roaming\npm-cache\mdns\2.2.10\package\package.json written
45 silly install resolved [ { name: 'mdns',
45 silly install resolved     version: '2.2.10',
45 silly install resolved     description: 'multicast DNS service discovery',
45 silly install resolved     main: './lib/mdns.js',
45 silly install resolved     scripts: { test: 'node utils/testrun', install: 'node-gyp rebuild' },
45 silly install resolved     keywords: [ 'zeroconf', 'bonjour', 'dns_sd', 'mDNSResponder' ],
45 silly install resolved     devDependencies:
45 silly install resolved      { ejs: '*',
45 silly install resolved        less: '*',
45 silly install resolved        mkdirp: '*',
45 silly install resolved        nopt: '*',
45 silly install resolved        slide: '*',
45 silly install resolved        glob: '*',
45 silly install resolved        ncp: '*',
45 silly install resolved        minimatch: '*',
45 silly install resolved        proxyquire: '~0.5' },
45 silly install resolved     repository:
45 silly install resolved      { type: 'git',
45 silly install resolved        url: 'git+ssh://git@github.com/agnat/node_mdns.git' },
45 silly install resolved     homepage: 'http://agnat.github.com/node_mdns',
45 silly install resolved     bugs: { url: 'http://github.com/agnat/node_mdns/issues' },
45 silly install resolved     licenses: [ [Object] ],
45 silly install resolved     author: { name: 'David Siegel', email: 'david@artcom.de' },
45 silly install resolved     contributors: [ [Object], [Object], [Object], [Object], [Object], [Object] ],
45 silly install resolved     dependencies: { bindings: '~1.2.1', nan: '~2.0.0' },
45 silly install resolved     gypfile: true,
45 silly install resolved     gitHead: 'a7155fc3a4fdf4dfd84b684384b913b89ad7145c',
45 silly install resolved     _id: 'mdns@2.2.10',
45 silly install resolved     _shasum: 'c84310ce37c11c6d2bb2a4505663ad739d374b86',
45 silly install resolved     _from: 'mdns@>=2.2.10 <3.0.0',
45 silly install resolved     _npmVersion: '2.13.3',
45 silly install resolved     _nodeVersion: '3.3.0',
45 silly install resolved     _npmUser: { name: 'agnat', email: 'david@artcom.de' },
45 silly install resolved     maintainers: [ [Object], [Object] ],
45 silly install resolved     dist:
45 silly install resolved      { shasum: 'c84310ce37c11c6d2bb2a4505663ad739d374b86',
45 silly install resolved        tarball: 'http://registry.npmjs.org/mdns/-/mdns-2.2.10.tgz' },
45 silly install resolved     directories: {},
45 silly install resolved     _resolved: 'https://registry.npmjs.org/mdns/-/mdns-2.2.10.tgz',
45 silly install resolved     readme: 'ERROR: No README data found!' } ]
46 info install mdns@2.2.10 into C:\Users\ehughes\Documents\GitHub\neos\master
47 info installOne mdns@2.2.10
48 verbose installOne of mdns to C:\Users\ehughes\Documents\GitHub\neos\master not in flight; installing
49 verbose lock using C:\Users\ehughes\AppData\Roaming\npm-cache\_locks\mdns-b0696b26c5139dbe.lock for C:\Users\ehughes\Documents\GitHub\neos\master\node_modules\mdns
50 silly install write writing mdns 2.2.10 to C:\Users\ehughes\Documents\GitHub\neos\master\node_modules\mdns
51 verbose unbuild node_modules\mdns
52 silly gentlyRm C:\Users\ehughes\Documents\GitHub\neos\master\node_modules\mdns is being purged from base C:\Users\ehughes\Documents\GitHub\neos\master
53 verbose gentlyRm don't care about contents; nuking C:\Users\ehughes\Documents\GitHub\neos\master\node_modules\mdns
54 verbose tar unpack C:\Users\ehughes\AppData\Roaming\npm-cache\mdns\2.2.10\package.tgz
55 verbose tar unpacking to C:\Users\ehughes\Documents\GitHub\neos\master\node_modules\mdns
56 silly gentlyRm C:\Users\ehughes\Documents\GitHub\neos\master\node_modules\mdns is being purged
57 verbose gentlyRm don't care about contents; nuking C:\Users\ehughes\Documents\GitHub\neos\master\node_modules\mdns
58 silly gunzTarPerm modes [ '777', '666' ]
59 silly gunzTarPerm extractEntry package.json
60 silly gunzTarPerm modified mode [ 'package.json', 420, 438 ]
61 silly gunzTarPerm extractEntry .npmignore
62 silly gunzTarPerm modified mode [ '.npmignore', 420, 438 ]
63 silly gunzTarPerm extractEntry README.md
64 silly gunzTarPerm modified mode [ 'README.md', 420, 438 ]
65 silly gunzTarPerm extractEntry LICENSE
66 silly gunzTarPerm modified mode [ 'LICENSE', 420, 438 ]
67 silly gunzTarPerm extractEntry wscript
68 silly gunzTarPerm modified mode [ 'wscript', 420, 438 ]
69 silly gunzTarPerm extractEntry binding.gyp
70 silly gunzTarPerm modified mode [ 'binding.gyp', 420, 438 ]
71 silly gunzTarPerm extractEntry examples/express_app.js
72 silly gunzTarPerm modified mode [ 'examples/express_app.js', 493, 511 ]
73 silly gunzTarPerm extractEntry examples/osc_devices.js
74 silly gunzTarPerm modified mode [ 'examples/osc_devices.js', 493, 511 ]
75 silly gunzTarPerm extractEntry CHANGES
76 silly gunzTarPerm modified mode [ 'CHANGES', 420, 438 ]
77 silly gunzTarPerm extractEntry node-waf.bat
78 silly gunzTarPerm modified mode [ 'node-waf.bat', 420, 438 ]
79 silly gunzTarPerm extractEntry out/reports/tests.json
80 silly gunzTarPerm modified mode [ 'out/reports/tests.json', 420, 438 ]
81 silly gunzTarPerm extractEntry Makefile
82 silly gunzTarPerm modified mode [ 'Makefile', 420, 438 ]
83 silly gunzTarPerm extractEntry src/mdns_settings.hpp
84 silly gunzTarPerm modified mode [ 'src/mdns_settings.hpp', 420, 438 ]
85 silly gunzTarPerm extractEntry src/demangle.cpp
86 silly gunzTarPerm modified mode [ 'src/demangle.cpp', 420, 438 ]
87 silly gunzTarPerm extractEntry src/dns_service_browse.cpp
88 silly gunzTarPerm modified mode [ 'src/dns_service_browse.cpp', 420, 438 ]
89 silly gunzTarPerm extractEntry src/dns_service_enumerate_domains.cpp
90 silly gunzTarPerm modified mode [ 'src/dns_service_enumerate_domains.cpp', 420, 438 ]
91 silly gunzTarPerm extractEntry src/dns_service_get_addr_info.cpp
92 silly gunzTarPerm modified mode [ 'src/dns_service_get_addr_info.cpp', 420, 438 ]
93 silly gunzTarPerm extractEntry src/dns_service_process_result.cpp
94 silly gunzTarPerm modified mode [ 'src/dns_service_process_result.cpp', 420, 438 ]
95 silly gunzTarPerm extractEntry src/dns_service_ref.cpp
96 silly gunzTarPerm modified mode [ 'src/dns_service_ref.cpp', 420, 438 ]
97 silly gunzTarPerm extractEntry src/dns_service_ref.hpp
98 silly gunzTarPerm modified mode [ 'src/dns_service_ref.hpp', 420, 438 ]
99 silly gunzTarPerm extractEntry src/dns_service_ref_deallocate.cpp
100 silly gunzTarPerm modified mode [ 'src/dns_service_ref_deallocate.cpp', 420, 438 ]
101 silly gunzTarPerm extractEntry src/dns_service_ref_sock_fd.cpp
102 silly gunzTarPerm modified mode [ 'src/dns_service_ref_sock_fd.cpp', 420, 438 ]
103 silly gunzTarPerm extractEntry src/dns_service_register.cpp
104 silly gunzTarPerm modified mode [ 'src/dns_service_register.cpp', 420, 438 ]
105 silly gunzTarPerm extractEntry src/dns_service_resolve.cpp
106 silly gunzTarPerm modified mode [ 'src/dns_service_resolve.cpp', 420, 438 ]
107 silly gunzTarPerm extractEntry src/mdns.hpp
108 silly gunzTarPerm modified mode [ 'src/mdns.hpp', 420, 438 ]
109 silly gunzTarPerm extractEntry src/dns_sd.cpp
110 silly gunzTarPerm modified mode [ 'src/dns_sd.cpp', 420, 438 ]
111 silly gunzTarPerm extractEntry src/mdns_utils.cpp
112 silly gunzTarPerm modified mode [ 'src/mdns_utils.cpp', 420, 438 ]
113 silly gunzTarPerm extractEntry src/mdns_utils.hpp
114 silly gunzTarPerm modified mode [ 'src/mdns_utils.hpp', 420, 438 ]
115 silly gunzTarPerm extractEntry src/network_interface.cpp
116 silly gunzTarPerm modified mode [ 'src/network_interface.cpp', 420, 438 ]
117 silly gunzTarPerm extractEntry src/skeleton.cpp_
118 silly gunzTarPerm modified mode [ 'src/skeleton.cpp_', 420, 438 ]
119 silly gunzTarPerm extractEntry src/socket_watcher.cpp
120 silly gunzTarPerm modified mode [ 'src/socket_watcher.cpp', 420, 438 ]
121 silly gunzTarPerm extractEntry src/socket_watcher.hpp
122 silly gunzTarPerm modified mode [ 'src/socket_watcher.hpp', 420, 438 ]
123 silly gunzTarPerm extractEntry src/txt_record_buffer_to_object.cpp
124 silly gunzTarPerm modified mode [ 'src/txt_record_buffer_to_object.cpp', 420, 438 ]
125 silly gunzTarPerm extractEntry src/txt_record_create.cpp
126 silly gunzTarPerm modified mode [ 'src/txt_record_create.cpp', 420, 438 ]
127 silly gunzTarPerm extractEntry src/txt_record_deallocate.cpp
128 silly gunzTarPerm modified mode [ 'src/txt_record_deallocate.cpp', 420, 438 ]
129 silly gunzTarPerm extractEntry src/txt_record_get_length.cpp
130 silly gunzTarPerm modified mode [ 'src/txt_record_get_length.cpp', 420, 438 ]
131 silly gunzTarPerm extractEntry src/txt_record_ref.cpp
132 silly gunzTarPerm modified mode [ 'src/txt_record_ref.cpp', 420, 438 ]
133 silly gunzTarPerm extractEntry src/txt_record_ref.hpp
134 silly gunzTarPerm modified mode [ 'src/txt_record_ref.hpp', 420, 438 ]
135 silly gunzTarPerm extractEntry src/txt_record_set_value.cpp
136 silly gunzTarPerm modified mode [ 'src/txt_record_set_value.cpp', 420, 438 ]
137 silly gunzTarPerm extractEntry tests/test_browser.js
138 silly gunzTarPerm modified mode [ 'tests/test_browser.js', 420, 438 ]
139 silly gunzTarPerm extractEntry tests/test_dns_sd.js
140 silly gunzTarPerm modified mode [ 'tests/test_dns_sd.js', 493, 511 ]
141 silly gunzTarPerm extractEntry tests/test_functional.js
142 silly gunzTarPerm modified mode [ 'tests/test_functional.js', 493, 511 ]
143 silly gunzTarPerm extractEntry tests/test_mdns_service.js
144 silly gunzTarPerm modified mode [ 'tests/test_mdns_service.js', 420, 438 ]
145 silly gunzTarPerm extractEntry tests/test_network_interface.js
146 silly gunzTarPerm modified mode [ 'tests/test_network_interface.js', 420, 438 ]
147 silly gunzTarPerm extractEntry tests/test_odd_ends.js
148 silly gunzTarPerm modified mode [ 'tests/test_odd_ends.js', 420, 438 ]
149 silly gunzTarPerm extractEntry tests/test_service_type.js
150 silly gunzTarPerm modified mode [ 'tests/test_service_type.js', 420, 438 ]
151 silly gunzTarPerm extractEntry utils/coverage
152 silly gunzTarPerm modified mode [ 'utils/coverage', 493, 511 ]
153 silly gunzTarPerm extractEntry utils/docpack
154 silly gunzTarPerm modified mode [ 'utils/docpack', 493, 511 ]
155 silly gunzTarPerm extractEntry utils/jsf
156 silly gunzTarPerm modified mode [ 'utils/jsf', 493, 511 ]
157 silly gunzTarPerm extractEntry utils/lib/actors.js
158 silly gunzTarPerm modified mode [ 'utils/lib/actors.js', 420, 438 ]
159 silly gunzTarPerm extractEntry utils/lib/bunch.js
160 silly gunzTarPerm modified mode [ 'utils/lib/bunch.js', 420, 438 ]
161 silly gunzTarPerm extractEntry utils/lib/compiler.js
162 silly gunzTarPerm modified mode [ 'utils/lib/compiler.js', 420, 438 ]
163 silly gunzTarPerm extractEntry utils/lib/lcov.js
164 silly gunzTarPerm modified mode [ 'utils/lib/lcov.js', 420, 438 ]
165 silly gunzTarPerm extractEntry utils/lib/mdns_test.js
166 silly gunzTarPerm modified mode [ 'utils/lib/mdns_test.js', 420, 438 ]
167 silly gunzTarPerm extractEntry utils/lib/ncov.js
168 silly gunzTarPerm modified mode [ 'utils/lib/ncov.js', 493, 511 ]
169 silly gunzTarPerm extractEntry utils/lib/obj.js
170 silly gunzTarPerm modified mode [ 'utils/lib/obj.js', 420, 438 ]
171 silly gunzTarPerm extractEntry utils/lib/view.js
172 silly gunzTarPerm modified mode [ 'utils/lib/view.js', 420, 438 ]
173 silly gunzTarPerm extractEntry utils/render_report
174 silly gunzTarPerm modified mode [ 'utils/render_report', 509, 511 ]
175 silly gunzTarPerm extractEntry utils/testrun
176 silly gunzTarPerm modified mode [ 'utils/testrun', 493, 511 ]
177 silly gunzTarPerm extractEntry lib/advertisement.js
178 silly gunzTarPerm modified mode [ 'lib/advertisement.js', 420, 438 ]
179 silly gunzTarPerm extractEntry lib/avahi.js
180 silly gunzTarPerm modified mode [ 'lib/avahi.js', 420, 438 ]
181 silly gunzTarPerm extractEntry lib/browser.js
182 silly gunzTarPerm modified mode [ 'lib/browser.js', 420, 438 ]
183 silly gunzTarPerm extractEntry lib/dns_sd.js
184 silly gunzTarPerm modified mode [ 'lib/dns_sd.js', 420, 438 ]
185 silly gunzTarPerm extractEntry lib/io_watcher.js
186 silly gunzTarPerm modified mode [ 'lib/io_watcher.js', 420, 438 ]
187 silly gunzTarPerm extractEntry lib/mdns.js
188 silly gunzTarPerm modified mode [ 'lib/mdns.js', 420, 438 ]
189 silly gunzTarPerm extractEntry lib/mdns_service.js
190 silly gunzTarPerm modified mode [ 'lib/mdns_service.js', 420, 438 ]
191 silly gunzTarPerm extractEntry lib/network_interface.js
192 silly gunzTarPerm modified mode [ 'lib/network_interface.js', 420, 438 ]
193 silly gunzTarPerm extractEntry lib/resolver_sequence_tasks.js
194 silly gunzTarPerm modified mode [ 'lib/resolver_sequence_tasks.js', 420, 438 ]
195 silly gunzTarPerm extractEntry lib/service_type.js
196 silly gunzTarPerm modified mode [ 'lib/service_type.js', 420, 438 ]
197 verbose write writing to C:\Users\ehughes\Documents\GitHub\neos\master\node_modules\mdns\package.json
198 info preinstall mdns@2.2.10
199 verbose readDependencies loading dependencies from C:\Users\ehughes\Documents\GitHub\neos\master\node_modules\mdns\package.json
200 silly prepareForInstallMany adding bindings@~1.2.1 from mdns dependencies
201 silly prepareForInstallMany adding nan@~2.0.0 from mdns dependencies
202 verbose readDependencies loading dependencies from C:\Users\ehughes\Documents\GitHub\neos\master\node_modules\mdns\package.json
203 silly cache add args [ 'bindings@~1.2.1', null ]
204 verbose cache add spec bindings@~1.2.1
205 silly cache add args [ 'nan@~2.0.0', null ]
206 verbose cache add spec nan@~2.0.0
207 silly cache add parsed spec Result {
207 silly cache add   raw: 'bindings@~1.2.1',
207 silly cache add   scope: null,
207 silly cache add   name: 'bindings',
207 silly cache add   rawSpec: '~1.2.1',
207 silly cache add   spec: '>=1.2.1 <1.3.0',
207 silly cache add   type: 'range' }
208 silly addNamed bindings@>=1.2.1 <1.3.0
209 verbose addNamed ">=1.2.1 <1.3.0" is a valid semver range for bindings
210 silly addNameRange { name: 'bindings', range: '>=1.2.1 <1.3.0', hasData: false }
211 silly mapToRegistry name bindings
212 silly mapToRegistry using default registry
213 silly mapToRegistry registry https://registry.npmjs.org/
214 silly mapToRegistry uri https://registry.npmjs.org/bindings
215 verbose addNameRange registry:https://registry.npmjs.org/bindings not in flight; fetching
216 silly cache add parsed spec Result {
216 silly cache add   raw: 'nan@~2.0.0',
216 silly cache add   scope: null,
216 silly cache add   name: 'nan',
216 silly cache add   rawSpec: '~2.0.0',
216 silly cache add   spec: '>=2.0.0 <2.1.0',
216 silly cache add   type: 'range' }
217 silly addNamed nan@>=2.0.0 <2.1.0
218 verbose addNamed ">=2.0.0 <2.1.0" is a valid semver range for nan
219 silly addNameRange { name: 'nan', range: '>=2.0.0 <2.1.0', hasData: false }
220 silly mapToRegistry name nan
221 silly mapToRegistry using default registry
222 silly mapToRegistry registry https://registry.npmjs.org/
223 silly mapToRegistry uri https://registry.npmjs.org/nan
224 verbose addNameRange registry:https://registry.npmjs.org/nan not in flight; fetching
225 verbose request uri https://registry.npmjs.org/bindings
226 verbose request no auth needed
227 info attempt registry request try #1 at 8:46:22 PM
228 verbose etag "2RXG5K4RRQWEOOFOAOOKVPOZR"
229 http request GET https://registry.npmjs.org/bindings
230 verbose request uri https://registry.npmjs.org/nan
231 verbose request no auth needed
232 info attempt registry request try #1 at 8:46:22 PM
233 verbose etag "7CEDVJA24M9BXRU7SU6WRSW4M"
234 http request GET https://registry.npmjs.org/nan
235 http 304 https://registry.npmjs.org/bindings
236 verbose headers { date: 'Mon, 07 Dec 2015 01:46:23 GMT',
236 verbose headers   via: '1.1 varnish',
236 verbose headers   'cache-control': 'max-age=60',
236 verbose headers   etag: '"2RXG5K4RRQWEOOFOAOOKVPOZR"',
236 verbose headers   age: '54',
236 verbose headers   connection: 'keep-alive',
236 verbose headers   'x-served-by': 'cache-iad2126-IAD',
236 verbose headers   'x-cache': 'HIT',
236 verbose headers   'x-cache-hits': '2',
236 verbose headers   'x-timer': 'S1449452783.655163,VS0,VE0',
236 verbose headers   vary: 'Accept' }
237 silly get cb [ 304,
237 silly get   { date: 'Mon, 07 Dec 2015 01:46:23 GMT',
237 silly get     via: '1.1 varnish',
237 silly get     'cache-control': 'max-age=60',
237 silly get     etag: '"2RXG5K4RRQWEOOFOAOOKVPOZR"',
237 silly get     age: '54',
237 silly get     connection: 'keep-alive',
237 silly get     'x-served-by': 'cache-iad2126-IAD',
237 silly get     'x-cache': 'HIT',
237 silly get     'x-cache-hits': '2',
237 silly get     'x-timer': 'S1449452783.655163,VS0,VE0',
237 silly get     vary: 'Accept' } ]
238 verbose etag https://registry.npmjs.org/bindings from cache
239 verbose get saving bindings to C:\Users\ehughes\AppData\Roaming\npm-cache\registry.npmjs.org\bindings\.cache.json
240 silly addNameRange number 2 { name: 'bindings', range: '>=1.2.1 <1.3.0', hasData: true }
241 silly addNameRange versions [ 'bindings',
241 silly addNameRange   [ '0.0.1',
241 silly addNameRange     '0.1.0',
241 silly addNameRange     '0.1.1',
241 silly addNameRange     '0.2.0',
241 silly addNameRange     '0.2.1',
241 silly addNameRange     '0.2.2',
241 silly addNameRange     '0.2.3',
241 silly addNameRange     '0.2.4',
241 silly addNameRange     '0.3.0',
241 silly addNameRange     '0.4.0',
241 silly addNameRange     '1.0.0',
241 silly addNameRange     '1.1.0',
241 silly addNameRange     '1.1.1',
241 silly addNameRange     '1.2.0',
241 silly addNameRange     '1.2.1' ] ]
242 silly addNamed bindings@1.2.1
243 verbose addNamed "1.2.1" is a plain semver version for bindings
244 silly cache afterAdd bindings@1.2.1
245 verbose afterAdd C:\Users\ehughes\AppData\Roaming\npm-cache\bindings\1.2.1\package\package.json not in flight; writing
246 verbose afterAdd C:\Users\ehughes\AppData\Roaming\npm-cache\bindings\1.2.1\package\package.json written
247 http 304 https://registry.npmjs.org/nan
248 verbose headers { date: 'Mon, 07 Dec 2015 01:46:23 GMT',
248 verbose headers   via: '1.1 varnish',
248 verbose headers   'cache-control': 'max-age=60',
248 verbose headers   etag: '"7CEDVJA24M9BXRU7SU6WRSW4M"',
248 verbose headers   age: '0',
248 verbose headers   connection: 'keep-alive',
248 verbose headers   'x-served-by': 'cache-iad2138-IAD',
248 verbose headers   'x-cache': 'HIT',
248 verbose headers   'x-cache-hits': '1',
248 verbose headers   'x-timer': 'S1449452783.665132,VS0,VE13',
248 verbose headers   vary: 'Accept' }
249 silly get cb [ 304,
249 silly get   { date: 'Mon, 07 Dec 2015 01:46:23 GMT',
249 silly get     via: '1.1 varnish',
249 silly get     'cache-control': 'max-age=60',
249 silly get     etag: '"7CEDVJA24M9BXRU7SU6WRSW4M"',
249 silly get     age: '0',
249 silly get     connection: 'keep-alive',
249 silly get     'x-served-by': 'cache-iad2138-IAD',
249 silly get     'x-cache': 'HIT',
249 silly get     'x-cache-hits': '1',
249 silly get     'x-timer': 'S1449452783.665132,VS0,VE13',
249 silly get     vary: 'Accept' } ]
250 verbose etag https://registry.npmjs.org/nan from cache
251 verbose get saving nan to C:\Users\ehughes\AppData\Roaming\npm-cache\registry.npmjs.org\nan\.cache.json
252 silly addNameRange number 2 { name: 'nan', range: '>=2.0.0 <2.1.0', hasData: true }
253 silly addNameRange versions [ 'nan',
253 silly addNameRange   [ '0.3.0-wip',
253 silly addNameRange     '0.3.0-wip2',
253 silly addNameRange     '0.3.0',
253 silly addNameRange     '0.3.1',
253 silly addNameRange     '0.3.2',
253 silly addNameRange     '0.4.0',
253 silly addNameRange     '0.4.1',
253 silly addNameRange     '0.4.2',
253 silly addNameRange     '0.4.3',
253 silly addNameRange     '0.4.4',
253 silly addNameRange     '0.5.0',
253 silly addNameRange     '0.5.1',
253 silly addNameRange     '0.5.2',
253 silly addNameRange     '0.6.0',
253 silly addNameRange     '0.7.0',
253 silly addNameRange     '0.7.1',
253 silly addNameRange     '0.8.0',
253 silly addNameRange     '1.0.0',
253 silly addNameRange     '1.1.0',
253 silly addNameRange     '1.1.1',
253 silly addNameRange     '1.1.2',
253 silly addNameRange     '1.2.0',
253 silly addNameRange     '1.3.0',
253 silly addNameRange     '1.4.0',
253 silly addNameRange     '1.4.1',
253 silly addNameRange     '1.5.0',
253 silly addNameRange     '1.4.2',
253 silly addNameRange     '1.4.3',
253 silly addNameRange     '1.5.1',
253 silly addNameRange     '1.5.2',
253 silly addNameRange     '1.6.0',
253 silly addNameRange     '1.5.3',
253 silly addNameRange     '1.6.1',
253 silly addNameRange     '1.6.2',
253 silly addNameRange     '1.7.0',
253 silly addNameRange     '1.8.0',
253 silly addNameRange     '1.8.1',
253 silly addNameRange     '1.8.2',
253 silly addNameRange     '1.8.3',
253 silly addNameRange     '1.8.4',
253 silly addNameRange     '1.9.0',
253 silly addNameRange     '2.0.0',
253 silly addNameRange     '2.0.1',
253 silly addNameRange     '2.0.2',
253 silly addNameRange     '2.0.3',
253 silly addNameRange     '2.0.4',
253 silly addNameRange     '2.0.5',
253 silly addNameRange     '2.0.6',
253 silly addNameRange     '2.0.7',
253 silly addNameRange     '2.0.8',
253 silly addNameRange     '2.0.9',
253 silly addNameRange     '2.1.0' ] ]
254 silly addNamed nan@2.0.9
255 verbose addNamed "2.0.9" is a plain semver version for nan
256 silly cache afterAdd nan@2.0.9
257 verbose afterAdd C:\Users\ehughes\AppData\Roaming\npm-cache\nan\2.0.9\package\package.json not in flight; writing
258 verbose afterAdd C:\Users\ehughes\AppData\Roaming\npm-cache\nan\2.0.9\package\package.json written
259 silly install resolved [ { name: 'bindings',
259 silly install resolved     description: 'Helper module for loading your native module\'s .node file',
259 silly install resolved     keywords: [ 'native', 'addon', 'bindings', 'gyp', 'waf', 'c', 'c++' ],
259 silly install resolved     version: '1.2.1',
259 silly install resolved     author:
259 silly install resolved      { name: 'Nathan Rajlich',
259 silly install resolved        email: 'nathan@tootallnate.net',
259 silly install resolved        url: 'http://tootallnate.net' },
259 silly install resolved     repository:
259 silly install resolved      { type: 'git',
259 silly install resolved        url: 'git://github.com/TooTallNate/node-bindings.git' },
259 silly install resolved     main: './bindings.js',
259 silly install resolved     bugs: { url: 'https://github.com/TooTallNate/node-bindings/issues' },
259 silly install resolved     homepage: 'https://github.com/TooTallNate/node-bindings',
259 silly install resolved     license: 'MIT',
259 silly install resolved     gitHead: 'e404152ee27f8478ccbc7122ee051246e8e5ec02',
259 silly install resolved     _id: 'bindings@1.2.1',
259 silly install resolved     scripts: {},
259 silly install resolved     _shasum: '14ad6113812d2d37d72e67b4cacb4bb726505f11',
259 silly install resolved     _from: 'bindings@>=1.2.1 <1.3.0',
259 silly install resolved     _npmVersion: '1.4.14',
259 silly install resolved     _npmUser: { name: 'tootallnate', email: 'nathan@tootallnate.net' },
259 silly install resolved     maintainers: [ [Object], [Object] ],
259 silly install resolved     dist:
259 silly install resolved      { shasum: '14ad6113812d2d37d72e67b4cacb4bb726505f11',
259 silly install resolved        tarball: 'http://registry.npmjs.org/bindings/-/bindings-1.2.1.tgz' },
259 silly install resolved     directories: {},
259 silly install resolved     _resolved: 'https://registry.npmjs.org/bindings/-/bindings-1.2.1.tgz',
259 silly install resolved     readme: 'ERROR: No README data found!' },
259 silly install resolved   { name: 'nan',
259 silly install resolved     version: '2.0.9',
259 silly install resolved     description: 'Native Abstractions for Node.js: C++ header for Node 0.8 -> 4 compatibility',
259 silly install resolved     main: 'include_dirs.js',
259 silly install resolved     repository: { type: 'git', url: 'git://github.com/nodejs/nan.git' },
259 silly install resolved     scripts:
259 silly install resolved      { test: 'tap --gc test/js/*-test.js',
259 silly install resolved        'rebuild-tests': 'pangyp rebuild --msvs_version=2013 --directory test',
259 silly install resolved        docs: 'doc/.build.sh' },
259 silly install resolved     contributors:
259 silly install resolved      [ [Object],
259 silly install resolved        [Object],
259 silly install resolved        [Object],
259 silly install resolved        [Object],
259 silly install resolved        [Object],
259 silly install resolved        [Object],
259 silly install resolved        [Object] ],
259 silly install resolved     devDependencies:
259 silly install resolved      { bindings: '~1.2.1',
259 silly install resolved        commander: '^2.8.1',
259 silly install resolved        glob: '^5.0.14',
259 silly install resolved        'node-gyp': '~2.0.2',
259 silly install resolved        pangyp: '~2.2.0',
259 silly install resolved        tap: '~0.7.1',
259 silly install resolved        xtend: '~4.0.0' },
259 silly install resolved     license: 'MIT',
259 silly install resolved     bugs: { url: 'https://github.com/nodejs/nan/issues' },
259 silly install resolved     homepage: 'https://github.com/nodejs/nan#readme',
259 silly install resolved     _id: 'nan@2.0.9',
259 silly install resolved     _shasum: 'd02a770f46778842cceb94e17cab31ffc7234a05',
259 silly install resolved     _resolved: 'https://registry.npmjs.org/nan/-/nan-2.0.9.tgz',
259 silly install resolved     _from: 'nan@>=2.0.0 <2.1.0',
259 silly install resolved     _npmVersion: '2.14.2',
259 silly install resolved     _nodeVersion: '4.0.0',
259 silly install resolved     _npmUser: { name: 'kkoopa', email: 'bbyholm@abo.fi' },
259 silly install resolved     maintainers: [ [Object], [Object] ],
259 silly install resolved     dist:
259 silly install resolved      { shasum: 'd02a770f46778842cceb94e17cab31ffc7234a05',
259 silly install resolved        tarball: 'http://registry.npmjs.org/nan/-/nan-2.0.9.tgz' },
259 silly install resolved     directories: {},
259 silly install resolved     readme: 'ERROR: No README data found!' } ]
260 info install bindings@1.2.1 into C:\Users\ehughes\Documents\GitHub\neos\master\node_modules\mdns
261 info install nan@2.0.9 into C:\Users\ehughes\Documents\GitHub\neos\master\node_modules\mdns
262 info installOne bindings@1.2.1
263 verbose installOne of bindings to C:\Users\ehughes\Documents\GitHub\neos\master\node_modules\mdns not in flight; installing
264 info installOne nan@2.0.9
265 verbose installOne of nan to C:\Users\ehughes\Documents\GitHub\neos\master\node_modules\mdns not in flight; installing
266 verbose lock using C:\Users\ehughes\AppData\Roaming\npm-cache\_locks\bindings-ad887a59b89bcf3f.lock for C:\Users\ehughes\Documents\GitHub\neos\master\node_modules\mdns\node_modules\bindings
267 verbose lock using C:\Users\ehughes\AppData\Roaming\npm-cache\_locks\nan-2bdd4d4f206b0148.lock for C:\Users\ehughes\Documents\GitHub\neos\master\node_modules\mdns\node_modules\nan
268 silly install write writing bindings 1.2.1 to C:\Users\ehughes\Documents\GitHub\neos\master\node_modules\mdns\node_modules\bindings
269 silly install write writing nan 2.0.9 to C:\Users\ehughes\Documents\GitHub\neos\master\node_modules\mdns\node_modules\nan
270 verbose unbuild node_modules\mdns\node_modules\bindings
271 verbose unbuild node_modules\mdns\node_modules\nan
272 silly gentlyRm C:\Users\ehughes\Documents\GitHub\neos\master\node_modules\mdns\node_modules\bindings is being purged from base C:\Users\ehughes\Documents\GitHub\neos\master
273 verbose gentlyRm don't care about contents; nuking C:\Users\ehughes\Documents\GitHub\neos\master\node_modules\mdns\node_modules\bindings
274 silly gentlyRm C:\Users\ehughes\Documents\GitHub\neos\master\node_modules\mdns\node_modules\nan is being purged from base C:\Users\ehughes\Documents\GitHub\neos\master
275 verbose gentlyRm don't care about contents; nuking C:\Users\ehughes\Documents\GitHub\neos\master\node_modules\mdns\node_modules\nan
276 verbose tar unpack C:\Users\ehughes\AppData\Roaming\npm-cache\bindings\1.2.1\package.tgz
277 verbose tar unpacking to C:\Users\ehughes\Documents\GitHub\neos\master\node_modules\mdns\node_modules\bindings
278 silly gentlyRm C:\Users\ehughes\Documents\GitHub\neos\master\node_modules\mdns\node_modules\bindings is being purged
279 verbose gentlyRm don't care about contents; nuking C:\Users\ehughes\Documents\GitHub\neos\master\node_modules\mdns\node_modules\bindings
280 verbose tar unpack C:\Users\ehughes\AppData\Roaming\npm-cache\nan\2.0.9\package.tgz
281 verbose tar unpacking to C:\Users\ehughes\Documents\GitHub\neos\master\node_modules\mdns\node_modules\nan
282 silly gentlyRm C:\Users\ehughes\Documents\GitHub\neos\master\node_modules\mdns\node_modules\nan is being purged
283 verbose gentlyRm don't care about contents; nuking C:\Users\ehughes\Documents\GitHub\neos\master\node_modules\mdns\node_modules\nan
284 silly gunzTarPerm modes [ '777', '666' ]
285 silly gunzTarPerm modes [ '777', '666' ]
286 silly gunzTarPerm extractEntry package.json
287 silly gunzTarPerm modified mode [ 'package.json', 420, 438 ]
288 silly gunzTarPerm extractEntry package.json
289 silly gunzTarPerm modified mode [ 'package.json', 436, 438 ]
290 silly gunzTarPerm extractEntry README.md
291 silly gunzTarPerm modified mode [ 'README.md', 420, 438 ]
292 silly gunzTarPerm extractEntry bindings.js
293 silly gunzTarPerm modified mode [ 'bindings.js', 420, 438 ]
294 silly gunzTarPerm extractEntry README.md
295 silly gunzTarPerm modified mode [ 'README.md', 436, 438 ]
296 silly gunzTarPerm extractEntry include_dirs.js
297 silly gunzTarPerm modified mode [ 'include_dirs.js', 436, 438 ]
298 silly gunzTarPerm extractEntry nan_converters.h
299 silly gunzTarPerm modified mode [ 'nan_converters.h', 436, 438 ]
300 silly gunzTarPerm extractEntry LICENSE.md
301 silly gunzTarPerm modified mode [ 'LICENSE.md', 436, 438 ]
302 silly gunzTarPerm extractEntry .dntrc
303 silly gunzTarPerm modified mode [ '.dntrc', 436, 438 ]
304 silly gunzTarPerm extractEntry appveyor.yml
305 silly gunzTarPerm modified mode [ 'appveyor.yml', 436, 438 ]
306 silly gunzTarPerm extractEntry doc/new.md
307 silly gunzTarPerm modified mode [ 'doc/new.md', 436, 438 ]
308 silly gunzTarPerm extractEntry doc/.build.sh
309 silly gunzTarPerm modified mode [ 'doc/.build.sh', 509, 511 ]
310 silly gunzTarPerm extractEntry doc/buffers.md
311 silly gunzTarPerm modified mode [ 'doc/buffers.md', 436, 438 ]
312 silly gunzTarPerm extractEntry doc/callback.md
313 silly gunzTarPerm modified mode [ 'doc/callback.md', 436, 438 ]
314 verbose write writing to C:\Users\ehughes\Documents\GitHub\neos\master\node_modules\mdns\node_modules\bindings\package.json
315 silly gunzTarPerm extractEntry doc/converters.md
316 silly gunzTarPerm modified mode [ 'doc/converters.md', 436, 438 ]
317 silly gunzTarPerm extractEntry doc/errors.md
318 silly gunzTarPerm modified mode [ 'doc/errors.md', 436, 438 ]
319 info preinstall bindings@1.2.1
320 verbose readDependencies loading dependencies from C:\Users\ehughes\Documents\GitHub\neos\master\node_modules\mdns\node_modules\bindings\package.json
321 silly gunzTarPerm extractEntry doc/maybe_types.md
322 silly gunzTarPerm modified mode [ 'doc/maybe_types.md', 436, 438 ]
323 silly gunzTarPerm extractEntry doc/methods.md
324 silly gunzTarPerm modified mode [ 'doc/methods.md', 436, 438 ]
325 verbose readDependencies loading dependencies from C:\Users\ehughes\Documents\GitHub\neos\master\node_modules\mdns\node_modules\bindings\package.json
326 silly install resolved []
327 verbose about to build C:\Users\ehughes\Documents\GitHub\neos\master\node_modules\mdns\node_modules\bindings
328 info build C:\Users\ehughes\Documents\GitHub\neos\master\node_modules\mdns\node_modules\bindings
329 info linkStuff bindings@1.2.1
330 silly linkStuff bindings@1.2.1 has C:\Users\ehughes\Documents\GitHub\neos\master\node_modules\mdns\node_modules as its parent node_modules
331 silly gunzTarPerm extractEntry doc/asyncworker.md
332 silly gunzTarPerm modified mode [ 'doc/asyncworker.md', 436, 438 ]
333 silly gunzTarPerm extractEntry doc/node_misc.md
334 silly gunzTarPerm modified mode [ 'doc/node_misc.md', 436, 438 ]
335 verbose linkBins bindings@1.2.1
336 verbose linkMans bindings@1.2.1
337 verbose rebuildBundles bindings@1.2.1
338 info install bindings@1.2.1
339 info postinstall bindings@1.2.1
340 verbose unlock done using C:\Users\ehughes\AppData\Roaming\npm-cache\_locks\bindings-ad887a59b89bcf3f.lock for C:\Users\ehughes\Documents\GitHub\neos\master\node_modules\mdns\node_modules\bindings
341 silly gunzTarPerm extractEntry doc/persistent.md
342 silly gunzTarPerm modified mode [ 'doc/persistent.md', 436, 438 ]
343 silly gunzTarPerm extractEntry doc/scopes.md
344 silly gunzTarPerm modified mode [ 'doc/scopes.md', 436, 438 ]
345 silly gunzTarPerm extractEntry doc/script.md
346 silly gunzTarPerm modified mode [ 'doc/script.md', 436, 438 ]
347 silly gunzTarPerm extractEntry doc/string_bytes.md
348 silly gunzTarPerm modified mode [ 'doc/string_bytes.md', 436, 438 ]
349 silly gunzTarPerm extractEntry doc/v8_internals.md
350 silly gunzTarPerm modified mode [ 'doc/v8_internals.md', 436, 438 ]
351 silly gunzTarPerm extractEntry doc/v8_misc.md
352 silly gunzTarPerm modified mode [ 'doc/v8_misc.md', 436, 438 ]
353 silly gunzTarPerm extractEntry nan.h
354 silly gunzTarPerm modified mode [ 'nan.h', 436, 438 ]
355 silly gunzTarPerm extractEntry nan_callbacks.h
356 silly gunzTarPerm modified mode [ 'nan_callbacks.h', 436, 438 ]
357 silly gunzTarPerm extractEntry nan_callbacks_12_inl.h
358 silly gunzTarPerm modified mode [ 'nan_callbacks_12_inl.h', 436, 438 ]
359 silly gunzTarPerm extractEntry nan_callbacks_pre_12_inl.h
360 silly gunzTarPerm modified mode [ 'nan_callbacks_pre_12_inl.h', 436, 438 ]
361 silly gunzTarPerm extractEntry nan_converters_43_inl.h
362 silly gunzTarPerm modified mode [ 'nan_converters_43_inl.h', 436, 438 ]
363 silly gunzTarPerm extractEntry nan_converters_pre_43_inl.h
364 silly gunzTarPerm modified mode [ 'nan_converters_pre_43_inl.h', 436, 438 ]
365 silly gunzTarPerm extractEntry nan_implementation_12_inl.h
366 silly gunzTarPerm modified mode [ 'nan_implementation_12_inl.h', 436, 438 ]
367 silly gunzTarPerm extractEntry nan_implementation_pre_12_inl.h
368 silly gunzTarPerm modified mode [ 'nan_implementation_pre_12_inl.h', 436, 438 ]
369 silly gunzTarPerm extractEntry nan_maybe_43_inl.h
370 silly gunzTarPerm modified mode [ 'nan_maybe_43_inl.h', 436, 438 ]
371 silly gunzTarPerm extractEntry nan_maybe_pre_43_inl.h
372 silly gunzTarPerm modified mode [ 'nan_maybe_pre_43_inl.h', 436, 438 ]
373 silly gunzTarPerm extractEntry nan_new.h
374 silly gunzTarPerm modified mode [ 'nan_new.h', 436, 438 ]
375 silly gunzTarPerm extractEntry nan_object_wrap.h
376 silly gunzTarPerm modified mode [ 'nan_object_wrap.h', 436, 438 ]
377 silly gunzTarPerm extractEntry nan_persistent_12_inl.h
378 silly gunzTarPerm modified mode [ 'nan_persistent_12_inl.h', 436, 438 ]
379 silly gunzTarPerm extractEntry nan_persistent_pre_12_inl.h
380 silly gunzTarPerm modified mode [ 'nan_persistent_pre_12_inl.h', 436, 438 ]
381 silly gunzTarPerm extractEntry nan_string_bytes.h
382 silly gunzTarPerm modified mode [ 'nan_string_bytes.h', 436, 438 ]
383 silly gunzTarPerm extractEntry nan_weak.h
384 silly gunzTarPerm modified mode [ 'nan_weak.h', 436, 438 ]
385 silly gunzTarPerm extractEntry CHANGELOG.md
386 silly gunzTarPerm modified mode [ 'CHANGELOG.md', 436, 438 ]
387 silly gunzTarPerm extractEntry tools/package.json
388 silly gunzTarPerm modified mode [ 'tools/package.json', 436, 438 ]
389 silly gunzTarPerm extractEntry tools/README.md
390 silly gunzTarPerm modified mode [ 'tools/README.md', 436, 438 ]
391 silly gunzTarPerm extractEntry tools/1to2.js
392 silly gunzTarPerm modified mode [ 'tools/1to2.js', 509, 511 ]
393 verbose write writing to C:\Users\ehughes\Documents\GitHub\neos\master\node_modules\mdns\node_modules\nan\package.json
394 info preinstall nan@2.0.9
395 verbose readDependencies loading dependencies from C:\Users\ehughes\Documents\GitHub\neos\master\node_modules\mdns\node_modules\nan\package.json
396 verbose readDependencies loading dependencies from C:\Users\ehughes\Documents\GitHub\neos\master\node_modules\mdns\node_modules\nan\package.json
397 silly install resolved []
398 verbose about to build C:\Users\ehughes\Documents\GitHub\neos\master\node_modules\mdns\node_modules\nan
399 info build C:\Users\ehughes\Documents\GitHub\neos\master\node_modules\mdns\node_modules\nan
400 info linkStuff nan@2.0.9
401 silly linkStuff nan@2.0.9 has C:\Users\ehughes\Documents\GitHub\neos\master\node_modules\mdns\node_modules as its parent node_modules
402 verbose linkBins nan@2.0.9
403 verbose linkMans nan@2.0.9
404 verbose rebuildBundles nan@2.0.9
405 info install nan@2.0.9
406 info postinstall nan@2.0.9
407 verbose unlock done using C:\Users\ehughes\AppData\Roaming\npm-cache\_locks\nan-2bdd4d4f206b0148.lock for C:\Users\ehughes\Documents\GitHub\neos\master\node_modules\mdns\node_modules\nan
408 verbose about to build C:\Users\ehughes\Documents\GitHub\neos\master\node_modules\mdns
409 info build C:\Users\ehughes\Documents\GitHub\neos\master\node_modules\mdns
410 info linkStuff mdns@2.2.10
411 silly linkStuff mdns@2.2.10 has C:\Users\ehughes\Documents\GitHub\neos\master\node_modules as its parent node_modules
412 verbose linkBins mdns@2.2.10
413 verbose linkMans mdns@2.2.10
414 verbose rebuildBundles mdns@2.2.10
415 verbose rebuildBundles [ 'bindings', 'nan' ]
416 info install mdns@2.2.10
417 verbose unsafe-perm in lifecycle true
418 info mdns@2.2.10 Failed to exec install script
419 verbose unlock done using C:\Users\ehughes\AppData\Roaming\npm-cache\_locks\mdns-b0696b26c5139dbe.lock for C:\Users\ehughes\Documents\GitHub\neos\master\node_modules\mdns
420 verbose stack Error: mdns@2.2.10 install: `node-gyp rebuild`
420 verbose stack Exit status 1
420 verbose stack     at EventEmitter.<anonymous> (C:\Program Files\nodejs\node_modules\npm\lib\utils\lifecycle.js:214:16)
420 verbose stack     at emitTwo (events.js:87:13)
420 verbose stack     at EventEmitter.emit (events.js:172:7)
420 verbose stack     at ChildProcess.<anonymous> (C:\Program Files\nodejs\node_modules\npm\lib\utils\spawn.js:24:14)
420 verbose stack     at emitTwo (events.js:87:13)
420 verbose stack     at ChildProcess.emit (events.js:172:7)
420 verbose stack     at maybeClose (internal/child_process.js:818:16)
420 verbose stack     at Process.ChildProcess._handle.onexit (internal/child_process.js:211:5)
421 verbose pkgid mdns@2.2.10
422 verbose cwd C:\Users\ehughes\Documents\GitHub\neos\master
423 error Windows_NT 10.0.10240
424 error argv "C:\\Program Files\\nodejs\\node.exe" "C:\\Program Files\\nodejs\\node_modules\\npm\\bin\\npm-cli.js" "install"
425 error node v4.2.3
426 error npm  v2.14.7
427 error code ELIFECYCLE
428 error mdns@2.2.10 install: `node-gyp rebuild`
428 error Exit status 1
429 error Failed at the mdns@2.2.10 install script 'node-gyp rebuild'.
429 error This is most likely a problem with the mdns package,
429 error not with npm itself.
429 error Tell the author that this fails on your system:
429 error     node-gyp rebuild
429 error You can get their info via:
429 error     npm owner ls mdns
429 error There is likely additional logging output above.
430 verbose exit [ 1, true ]
431 verbose unbuild node_modules\mdns
432 info preuninstall mdns@2.2.10
433 info uninstall mdns@2.2.10
434 verbose unbuild rmStuff mdns@2.2.10 from C:\Users\ehughes\Documents\GitHub\neos\master\node_modules
435 info postuninstall mdns@2.2.10
436 silly gentlyRm C:\Users\ehughes\Documents\GitHub\neos\master\node_modules\mdns is being purged from base C:\Users\ehughes\Documents\GitHub\neos\master
437 verbose gentlyRm don't care about contents; nuking C:\Users\ehughes\Documents\GitHub\neos\master\node_modules\mdns
438 silly vacuum-fs purging C:\Users\ehughes\Documents\GitHub\neos\master\node_modules\mdns
439 silly vacuum-fs quitting because other entries in C:\Users\ehughes\Documents\GitHub\neos\master\node_modules
